<?xml version="1.0" encoding="UTF-8"?>
<!-- Generated by org.testng.reporters.JUnitReportReporter -->
<testsuite hostname="192.168.1.9" failures="0" tests="1" name="lab.VacunacionTest" time="0.039" errors="0" timestamp="2021-07-26T15:46:18 PET" skipped="0">
  <testcase classname="lab.VacunacionTest" name="test01" time="0.039"/>
  <system-out/>
</testsuite> <!-- lab.VacunacionTest -->
