<?xml version="1.0" encoding="UTF-8"?>
<!-- Generated by org.testng.reporters.JUnitReportReporter -->
<testsuite hostname="192.168.1.5" failures="0" tests="1" name="lab.SkyalertTest" time="0.038" errors="0" timestamp="2021-06-07T16:22:06 PET" skipped="0">
  <testcase classname="lab.SkyalertTest" name="test01" time="0.038"/>
  <system-out/>
</testsuite> <!-- lab.SkyalertTest -->
